[14/03/2023 09:02] : WMATIC/USDC dentro intervalo de 1.06 a 1.25: 

 1.1655
⚠️⬆️ <b>[14/03/2023 15:27]</b> : WMATIC/USDC acima de 1.1: 

 👉 1.2215(+11.05%)
⚠️⬆️ <b>[14/03/2023 15:28]</b> : WMATIC/USDC acima de 1.1: 

 👉 1.2215(+11.05%)
[14/03/2023 19:34] : WMATIC/USDC dentro intervalo de NaN a NaN: 

 1.1853
[14/03/2023 19:34] : WMATIC/USDC dentro intervalo de NaN a NaN: 

 1.1853
[14/03/2023 19:35] : WMATIC/USDC dentro intervalo de 0.7 a 1.2: 

 1.1852
[14/03/2023 19:35] : WMATIC/USDC dentro intervalo de 0.8 a 1.2: 

 1.1852
[14/03/2023 19:35] : WMATIC/USDT dentro intervalo de 0.8 a 1.2: 

 1.1796
[14/03/2023 19:35] : WMATIC/USDC dentro intervalo de 0.7 a 1.2: 

 1.1851
[14/03/2023 19:36] : WMATIC/USDT dentro intervalo de 0.8 a 1.2: 

 1.1796
[14/03/2023 19:36] : WMATIC/USDC dentro intervalo de 0.7 a 1.2: 

 1.1851
